<?xml version="1.0" encoding="UTF-8"?>
<!-- Generated by org.testng.reporters.JUnitReportReporter -->
<testsuite hostname="DESKTOP-KPHMMFU" failures="0" tests="5" name="testrunners.MyTestRunner" time="259.810" errors="0" timestamp="04 May 2022 10:16:19 GMT" skipped="0">
  <testcase classname="testrunners.MyTestRunner" name="runScenario" time="54.511"/>
  <testcase classname="testrunners.MyTestRunner" name="runScenario" time="54.387"/>
  <testcase classname="testrunners.MyTestRunner" name="runScenario" time="48.400"/>
  <testcase classname="testrunners.MyTestRunner" name="runScenario" time="54.557"/>
  <testcase classname="testrunners.MyTestRunner" name="runScenario" time="47.955"/>
</testsuite> <!-- testrunners.MyTestRunner -->
